18:25:00.401 [main] INFO  test_case.TC001_ - ----------------Searching WebDevelopment--------------------
18:25:39.481 [main] INFO  test_case.TC001_ - ----------------Click the Language English--------------------
18:25:41.672 [main] INFO  test_case.TC001_ - ----------------Click the Level--------------------
18:25:42.557 [main] INFO  test_case.TC001_ - ----------------Click and print Coursae 1--------------------
18:26:23.244 [main] INFO  test_case.TC001_ - ----------------Click and Print Course 2--------------------
18:27:01.128 [main] INFO  test_case.TC001_ - ----------------Search Language Learning--------------------
18:27:07.534 [main] INFO  test_case.TC001_ - ----------------Scroll the page to Enterprises--------------------
18:27:44.368 [main] INFO  test_case.TC001_ - ----------------Scroll the page to Offer--------------------
18:28:18.855 [main] INFO  test_case.TC001_ - ----------------Scroll the page to Course--------------------
18:28:43.323 [main] INFO  test_case.TC001_ - ----------------Searching WebDevelopment--------------------
18:28:56.617 [main] INFO  test_case.TC001_ - ----------------Fill the Form--------------------
18:29:04.481 [main] INFO  test_case.TC001_ - ----------------ScreenShot of Error Message--------------------
18:29:22.332 [main] INFO  test_case.TC001_ - ----------------Click the Language English--------------------
18:29:24.743 [main] INFO  test_case.TC001_ - ----------------Click the Level--------------------
18:29:26.952 [main] INFO  test_case.TC001_ - ----------------Click and print Coursae 1--------------------
18:30:10.622 [main] INFO  test_case.TC001_ - ----------------Click and Print Course 2--------------------
18:31:05.974 [main] INFO  test_case.TC001_ - ----------------Search Language Learning--------------------
18:31:17.616 [main] INFO  test_case.TC001_ - ----------------Scroll the page to Enterprises--------------------
18:31:55.863 [main] INFO  test_case.TC001_ - ----------------Scroll the page to Offer--------------------
18:32:30.064 [main] INFO  test_case.TC001_ - ----------------Scroll the page to Course--------------------
18:33:07.370 [main] INFO  test_case.TC001_ - ----------------Fill the Form--------------------
18:33:13.555 [main] INFO  test_case.TC001_ - ----------------ScreenShot of Error Message--------------------
18:36:05.156 [main] INFO  test_case.TC001_ - ----------------Searching WebDevelopment--------------------
18:36:43.916 [main] INFO  test_case.TC001_ - ----------------Click the Language English--------------------
18:36:46.587 [main] INFO  test_case.TC001_ - ----------------Click the Level--------------------
18:36:47.614 [main] INFO  test_case.TC001_ - ----------------Click and print Coursae 1--------------------
18:37:30.301 [main] INFO  test_case.TC001_ - ----------------Click and Print Course 2--------------------
18:38:11.665 [main] INFO  test_case.TC001_ - ----------------Search Language Learning--------------------
18:38:26.355 [main] INFO  test_case.TC001_ - ----------------Scroll the page to Enterprises--------------------
18:39:06.279 [main] INFO  test_case.TC001_ - ----------------Scroll the page to Offer--------------------
18:39:42.157 [main] INFO  test_case.TC001_ - ----------------Scroll the page to Course--------------------
18:40:19.719 [main] INFO  test_case.TC001_ - ----------------Fill the Form--------------------
18:40:26.929 [main] INFO  test_case.TC001_ - ----------------ScreenShot of Error Message--------------------
11:33:09.007 [main] INFO  test_case.TC001_ - ----------------Searching WebDevelopment--------------------
11:33:50.854 [main] INFO  test_case.TC001_ - ----------------Click the Language English--------------------
11:33:55.124 [main] INFO  test_case.TC001_ - ----------------Click the Level--------------------
11:34:01.673 [main] INFO  test_case.TC001_ - ----------------Click and print Coursae 1--------------------
11:34:51.088 [main] INFO  test_case.TC001_ - ----------------Click and Print Course 2--------------------
11:35:32.456 [main] INFO  test_case.TC001_ - ----------------Search Language Learning--------------------
11:35:46.713 [main] INFO  test_case.TC001_ - ----------------Scroll the page to Enterprises--------------------
11:36:52.438 [main] INFO  test_case.TC001_ - ----------------Scroll the page to Offer--------------------
11:37:32.207 [main] INFO  test_case.TC001_ - ----------------Scroll the page to Course--------------------
11:38:13.516 [main] INFO  test_case.TC001_ - ----------------Fill the Form--------------------
11:39:06.608 [main] INFO  test_case.TC001_ - ----------------ScreenShot of Error Message--------------------
11:41:45.278 [main] INFO  test_case.TC001_ - ----------------Searching WebDevelopment--------------------
11:42:28.095 [main] INFO  test_case.TC001_ - ----------------Click the Language English--------------------
11:42:31.623 [main] INFO  test_case.TC001_ - ----------------Click the Level--------------------
11:42:33.361 [main] INFO  test_case.TC001_ - ----------------Click and print Coursae 1--------------------
