10:09:35.433 [main] INFO  test_case.TC001_ - ----------------Searching WebDevelopment--------------------
10:09:50.089 [main] INFO  test_case.TC001_ - ----------------Click the Language English--------------------
10:09:52.557 [main] INFO  test_case.TC001_ - ----------------Click the Level--------------------
10:09:54.640 [main] INFO  test_case.TC001_ - ----------------Click Course 1--------------------
10:09:57.179 [main] INFO  test_case.TC001_ - ----------------Click and print Course 1--------------------
10:10:11.239 [main] INFO  test_case.TC001_ - ----------------Click Course 2--------------------
10:10:12.119 [main] INFO  test_case.TC001_ - ----------------Click and print Coursae 2--------------------
10:10:20.527 [main] INFO  test_case.TC001_ - ----------------Search Language Learning--------------------
10:10:22.758 [main] INFO  test_case.TC001_ - ----------------print Language--------------------
10:10:27.575 [main] INFO  test_case.TC001_ - ----------------Click and print Levels--------------------
10:10:28.874 [main] INFO  test_case.TC001_ - ----------------Scroll the page to Enterprises--------------------
10:10:42.390 [main] INFO  test_case.TC001_ - ----------------Scroll the page to Offer--------------------
10:10:51.970 [main] INFO  test_case.TC001_ - ----------------Scroll the page to Course--------------------
10:11:05.460 [main] INFO  test_case.TC001_ - ----------------Fill the Form--------------------
10:11:11.036 [main] INFO  test_case.TC001_ - ----------------ScreenShot of Error Message--------------------
11:33:53.757 [main] INFO  test_case.TC001_ - ----------------Searching WebDevelopment--------------------
11:34:03.841 [main] INFO  test_case.TC001_ - ----------------Click the Language English--------------------
11:34:07.065 [main] INFO  test_case.TC001_ - ----------------Click the Level--------------------
11:34:08.674 [main] INFO  test_case.TC001_ - ----------------Click Course 1--------------------
11:34:11.031 [main] INFO  test_case.TC001_ - ----------------Click and print Course 1--------------------
11:34:19.917 [main] INFO  test_case.TC001_ - ----------------Click Course 2--------------------
11:34:20.661 [main] INFO  test_case.TC001_ - ----------------Click and print Coursae 2--------------------
11:34:28.685 [main] INFO  test_case.TC001_ - ----------------Search Language Learning--------------------
11:34:31.062 [main] INFO  test_case.TC001_ - ----------------print Language--------------------
11:34:36.357 [main] INFO  test_case.TC001_ - ----------------Click and print Levels--------------------
11:34:37.350 [main] INFO  test_case.TC001_ - ----------------Scroll the page to Enterprises--------------------
11:34:47.069 [main] INFO  test_case.TC001_ - ----------------Scroll the page to Offer--------------------
11:34:51.335 [main] INFO  test_case.TC001_ - ----------------Scroll the page to Course--------------------
11:34:57.673 [main] INFO  test_case.TC001_ - ----------------Fill the Form--------------------
11:35:13.424 [main] INFO  test_case.TC001_ - ----------------ScreenShot of Error Message--------------------
11:37:31.477 [main] INFO  test_case.TC001_ - ----------------Searching WebDevelopment--------------------
11:37:40.368 [main] INFO  test_case.TC001_ - ----------------Click the Language English--------------------
11:37:42.989 [main] INFO  test_case.TC001_ - ----------------Click the Level--------------------
11:37:44.664 [main] INFO  test_case.TC001_ - ----------------Click Course 1--------------------
11:37:47.144 [main] INFO  test_case.TC001_ - ----------------Click and print Course 1--------------------
11:37:57.448 [main] INFO  test_case.TC001_ - ----------------Click Course 2--------------------
11:37:58.323 [main] INFO  test_case.TC001_ - ----------------Click and print Coursae 2--------------------
11:38:06.501 [main] INFO  test_case.TC001_ - ----------------Search Language Learning--------------------
11:38:08.992 [main] INFO  test_case.TC001_ - ----------------print Language--------------------
11:38:14.295 [main] INFO  test_case.TC001_ - ----------------Click and print Levels--------------------
11:38:15.595 [main] INFO  test_case.TC001_ - ----------------Scroll the page to Enterprises--------------------
11:38:25.602 [main] INFO  test_case.TC001_ - ----------------Scroll the page to Offer--------------------
11:38:30.122 [main] INFO  test_case.TC001_ - ----------------Scroll the page to Course--------------------
11:38:35.915 [main] INFO  test_case.TC001_ - ----------------Fill the Form--------------------
11:38:50.838 [main] INFO  test_case.TC001_ - ----------------ScreenShot of Error Message--------------------
11:41:13.170 [main] INFO  test_case.TC001_ - ----------------Searching WebDevelopment--------------------
11:41:24.611 [main] INFO  test_case.TC001_ - ----------------Click the Language English--------------------
11:41:27.225 [main] INFO  test_case.TC001_ - ----------------Click the Level--------------------
