14:54:15.411 [main] INFO  test_case.TC001_ - ----------------Click and print Course 1--------------------
14:54:54.698 [main] INFO  test_case.TC001_ - ----------------Click Course 2--------------------
14:54:55.505 [main] INFO  test_case.TC001_ - ----------------Click and print Coursae 2--------------------
14:56:00.908 [main] INFO  test_case.TC001_ - ----------------Search Language Learning--------------------
14:56:03.263 [main] INFO  test_case.TC001_ - ----------------print Language--------------------
14:56:08.459 [main] INFO  test_case.TC001_ - ----------------Click and print Levels--------------------
14:56:09.559 [main] INFO  test_case.TC001_ - ----------------Scroll the page to Enterprises--------------------
14:56:51.745 [main] INFO  test_case.TC001_ - ----------------Scroll the page to Offer--------------------
14:57:25.795 [main] INFO  test_case.TC001_ - ----------------Scroll the page to Course--------------------
14:58:07.540 [main] INFO  test_case.TC001_ - ----------------Fill the Form--------------------
14:58:13.301 [main] INFO  test_case.TC001_ - ----------------ScreenShot of Error Message--------------------
15:30:21.521 [main] INFO  test_case.TC001_ - ----------------Searching WebDevelopment--------------------
15:31:57.724 [main] INFO  test_case.TC001_ - ----------------Searching WebDevelopment--------------------
15:34:31.570 [main] INFO  test_case.TC001_ - ----------------Searching WebDevelopment--------------------
15:34:43.208 [main] INFO  test_case.TC001_ - ----------------Click the Language English--------------------
15:34:45.848 [main] INFO  test_case.TC001_ - ----------------Click the Level--------------------
15:34:47.411 [main] INFO  test_case.TC001_ - ----------------Click Course 1--------------------
15:34:49.683 [main] INFO  test_case.TC001_ - ----------------Click and print Course 1--------------------
15:35:11.153 [main] INFO  test_case.TC001_ - ----------------Click Course 2--------------------
15:35:12.402 [main] INFO  test_case.TC001_ - ----------------Click and print Coursae 2--------------------
15:36:03.785 [main] INFO  test_case.TC001_ - ----------------Search Language Learning--------------------
15:36:06.552 [main] INFO  test_case.TC001_ - ----------------print Language--------------------
15:36:13.474 [main] INFO  test_case.TC001_ - ----------------Click and print Levels--------------------
15:36:15.128 [main] INFO  test_case.TC001_ - ----------------Scroll the page to Enterprises--------------------
15:37:22.790 [main] INFO  test_case.TC001_ - ----------------Scroll the page to Offer--------------------
15:38:05.082 [main] INFO  test_case.TC001_ - ----------------Scroll the page to Course--------------------
15:39:04.144 [main] INFO  test_case.TC001_ - ----------------Fill the Form--------------------
15:39:12.685 [main] INFO  test_case.TC001_ - ----------------ScreenShot of Error Message--------------------
10:33:26.357 [main] INFO  test_case.TC001_ - ----------------Searching WebDevelopment--------------------
10:33:56.941 [main] INFO  test_case.TC001_ - ----------------Click the Language English--------------------
10:34:07.298 [main] INFO  test_case.TC001_ - ----------------Click the Level--------------------
10:34:17.967 [main] INFO  test_case.TC001_ - ----------------Click Course 1--------------------
10:34:28.374 [main] INFO  test_case.TC001_ - ----------------Click and print Course 1--------------------
10:35:22.189 [main] INFO  test_case.TC001_ - ----------------Click Course 2--------------------
10:37:40.441 [main] INFO  test_case.TC001_ - ----------------Searching WebDevelopment--------------------
10:45:03.576 [main] INFO  test_case.TC001_ - ----------------Searching WebDevelopment--------------------
10:45:17.076 [main] INFO  test_case.TC001_ - ----------------Click the Language English--------------------
10:45:19.044 [main] INFO  test_case.TC001_ - ----------------Click the Level--------------------
10:45:21.778 [main] INFO  test_case.TC001_ - ----------------Click Course 1--------------------
10:45:23.783 [main] INFO  test_case.TC001_ - ----------------Click and print Course 1--------------------
10:45:34.707 [main] INFO  test_case.TC001_ - ----------------Click Course 2--------------------
10:45:35.521 [main] INFO  test_case.TC001_ - ----------------Click and print Coursae 2--------------------
10:45:44.158 [main] INFO  test_case.TC001_ - ----------------Search Language Learning--------------------
10:45:46.766 [main] INFO  test_case.TC001_ - ----------------print Language--------------------
10:45:52.535 [main] INFO  test_case.TC001_ - ----------------Click and print Levels--------------------
10:45:53.645 [main] INFO  test_case.TC001_ - ----------------Scroll the page to Enterprises--------------------
10:46:04.610 [main] INFO  test_case.TC001_ - ----------------Scroll the page to Offer--------------------
10:46:09.065 [main] INFO  test_case.TC001_ - ----------------Scroll the page to Course--------------------
